[ 25%] [32mBuilding CXX object CMakeFiles/heart_exec_RX.dir/src/FM_RX_heartbeat.cpp.o[0m
[ 75%] Built target heart_exec_TX
[01m[K/home/bhagwat/ros2_ws/src/heartbeat_node/src/FM_RX_heartbeat.cpp:[m[K In constructor â€˜[01m[KMinimalSubscriber::MinimalSubscriber()[m[Kâ€™:
[01m[K/home/bhagwat/ros2_ws/src/heartbeat_node/src/FM_RX_heartbeat.cpp:18:18:[m[K [01;35m[Kwarning: [m[Kunused variable â€˜[01m[Kglob[m[Kâ€™ [[01;35m[K-Wunused-variable[m[K]
       extern int [01;35m[Kglob[m[K;
                  [01;35m[K^~~~[m[K
[01m[K/home/bhagwat/ros2_ws/src/heartbeat_node/src/FM_RX_heartbeat.cpp:[m[K In member function â€˜[01m[Kvoid MinimalSubscriber::subscribe_message(std_msgs::msg::Int32_<std::allocator<void> >::SharedPtr) const[m[Kâ€™:
[01m[K/home/bhagwat/ros2_ws/src/heartbeat_node/src/FM_RX_heartbeat.cpp:27:18:[m[K [01;31m[Kerror: [m[Kâ€˜[01m[Kglob[m[Kâ€™ was not declared in this scope
       if (local!=[01;31m[Kglob[m[K)
                  [01;31m[K^~~~[m[K
[01m[K/home/bhagwat/ros2_ws/src/heartbeat_node/src/FM_RX_heartbeat.cpp:36:7:[m[K [01;31m[Kerror: [m[Kâ€˜[01m[Kglob[m[Kâ€™ was not declared in this scope
       [01;31m[Kglob[m[K = local;
       [01;31m[K^~~~[m[K
CMakeFiles/heart_exec_RX.dir/build.make:75: recipe for target 'CMakeFiles/heart_exec_RX.dir/src/FM_RX_heartbeat.cpp.o' failed
make[2]: *** [CMakeFiles/heart_exec_RX.dir/src/FM_RX_heartbeat.cpp.o] Error 1
make[1]: *** [CMakeFiles/heart_exec_RX.dir/all] Error 2
CMakeFiles/Makefile2:111: recipe for target 'CMakeFiles/heart_exec_RX.dir/all' failed
Makefile:145: recipe for target 'all' failed
make: *** [all] Error 2
