[0.021s] Invoking command in '/home/bhagwat/ros2_ws/build/heartbeat_node': CMAKE_PREFIX_PATH=/home/bhagwat/ros2_ws/install/heartbeat_node:/opt/ros/dashing:/home/bhagwat/catkin_ws/devel:/opt/ros/melodic /usr/local/bin/cmake --build /home/bhagwat/ros2_ws/build/heartbeat_node -- -j12 -l12
[0.038s] [ 25%] [32mBuilding CXX object CMakeFiles/heart_exec_RX.dir/src/FM_RX_heartbeat.cpp.o[0m
[0.038s] [ 75%] Built target heart_exec_TX
[0.709s] [01m[K/home/bhagwat/ros2_ws/src/heartbeat_node/src/FM_RX_heartbeat.cpp:[m[K In constructor â€˜[01m[KMinimalSubscriber::MinimalSubscriber()[m[Kâ€™:
[0.710s] [01m[K/home/bhagwat/ros2_ws/src/heartbeat_node/src/FM_RX_heartbeat.cpp:18:18:[m[K [01;35m[Kwarning: [m[Kunused variable â€˜[01m[Kglob[m[Kâ€™ [[01;35m[K-Wunused-variable[m[K]
[0.710s]        extern int [01;35m[Kglob[m[K;
[0.710s]                   [01;35m[K^~~~[m[K
[0.711s] [01m[K/home/bhagwat/ros2_ws/src/heartbeat_node/src/FM_RX_heartbeat.cpp:[m[K In member function â€˜[01m[Kvoid MinimalSubscriber::subscribe_message(std_msgs::msg::Int32_<std::allocator<void> >::SharedPtr) const[m[Kâ€™:
[0.711s] [01m[K/home/bhagwat/ros2_ws/src/heartbeat_node/src/FM_RX_heartbeat.cpp:27:18:[m[K [01;31m[Kerror: [m[Kâ€˜[01m[Kglob[m[Kâ€™ was not declared in this scope
[0.712s]        if (local!=[01;31m[Kglob[m[K)
[0.712s]                   [01;31m[K^~~~[m[K
[0.713s] [01m[K/home/bhagwat/ros2_ws/src/heartbeat_node/src/FM_RX_heartbeat.cpp:36:7:[m[K [01;31m[Kerror: [m[Kâ€˜[01m[Kglob[m[Kâ€™ was not declared in this scope
[0.713s]        [01;31m[Kglob[m[K = local;
[0.713s]        [01;31m[K^~~~[m[K
[1.168s] CMakeFiles/heart_exec_RX.dir/build.make:75: recipe for target 'CMakeFiles/heart_exec_RX.dir/src/FM_RX_heartbeat.cpp.o' failed
[1.169s] make[2]: *** [CMakeFiles/heart_exec_RX.dir/src/FM_RX_heartbeat.cpp.o] Error 1
[1.169s] make[1]: *** [CMakeFiles/heart_exec_RX.dir/all] Error 2
[1.169s] CMakeFiles/Makefile2:111: recipe for target 'CMakeFiles/heart_exec_RX.dir/all' failed
[1.169s] Makefile:145: recipe for target 'all' failed
[1.169s] make: *** [all] Error 2
[1.170s] Invoked command in '/home/bhagwat/ros2_ws/build/heartbeat_node' returned '2': CMAKE_PREFIX_PATH=/home/bhagwat/ros2_ws/install/heartbeat_node:/opt/ros/dashing:/home/bhagwat/catkin_ws/devel:/opt/ros/melodic /usr/local/bin/cmake --build /home/bhagwat/ros2_ws/build/heartbeat_node -- -j12 -l12
