[0.021s] Invoking command in '/home/bhagwat/ros2_ws/build/heartbeat_node': CMAKE_PREFIX_PATH=/home/bhagwat/ros2_ws/install/heartbeat_node:/opt/ros/dashing:/home/bhagwat/catkin_ws/devel:/opt/ros/melodic /usr/local/bin/cmake --build /home/bhagwat/ros2_ws/build/heartbeat_node -- -j12 -l12
[0.042s] [ 50%] [32mBuilding CXX object CMakeFiles/heart_exec.dir/src/FM_TX_heartbeat.cpp.o[0m
[0.723s] [01m[K/home/bhagwat/ros2_ws/src/heartbeat_node/src/FM_TX_heartbeat.cpp:31:31:[m[K [01;31m[Kerror: [m[Ktemplate argument 1 is invalid
[0.723s]      rclcpp::Publisher<std_msgs[01;31m[K>[m[K::SharedPtr publisher_;
[0.723s]                                [01;31m[K^[m[K
[0.723s] [01m[K/home/bhagwat/ros2_ws/src/heartbeat_node/src/FM_TX_heartbeat.cpp:31:34:[m[K [01;31m[Kerror: [m[Kexpected â€˜[01m[K;[m[Kâ€™ at end of member declaration
[0.723s]      rclcpp::Publisher<std_msgs>::[01;31m[KSharedPtr[m[K publisher_;
[0.723s]                                   [01;31m[K^~~~~~~~~[m[K
[0.724s] [01m[K/home/bhagwat/ros2_ws/src/heartbeat_node/src/FM_TX_heartbeat.cpp:31:44:[m[K [01;31m[Kerror: [m[Kâ€˜[01m[Kpublisher_[m[Kâ€™ does not name a type; did you mean â€˜[01m[Krcl_publisher_t[m[Kâ€™?
[0.724s]      rclcpp::Publisher<std_msgs>::SharedPtr [01;31m[Kpublisher_[m[K;
[0.724s]                                             [01;31m[K^~~~~~~~~~[m[K
[0.725s]                                             [32m[Krcl_publisher_t[m[K
[0.725s] [01m[K/home/bhagwat/ros2_ws/src/heartbeat_node/src/FM_TX_heartbeat.cpp:[m[K In constructor â€˜[01m[KMinimalPublisher::MinimalPublisher()[m[Kâ€™:
[0.725s] [01m[K/home/bhagwat/ros2_ws/src/heartbeat_node/src/FM_TX_heartbeat.cpp:15:7:[m[K [01;31m[Kerror: [m[Kâ€˜[01m[Kpublisher_[m[Kâ€™ was not declared in this scope
[0.725s]        [01;31m[Kpublisher_[m[K = this->create_publisher<std_msgs::msg::Int32>("counter");
[0.725s]        [01;31m[K^~~~~~~~~~[m[K
[0.727s] [01m[K/home/bhagwat/ros2_ws/src/heartbeat_node/src/FM_TX_heartbeat.cpp:15:7:[m[K [01;36m[Knote: [m[Ksuggested alternative: â€˜[01m[Krcl_publisher_t[m[Kâ€™
[0.727s]        [01;36m[Kpublisher_[m[K = this->create_publisher<std_msgs::msg::Int32>("counter");
[0.727s]        [01;36m[K^~~~~~~~~~[m[K
[0.727s]        [32m[Krcl_publisher_t[m[K
[0.731s] [01m[K/home/bhagwat/ros2_ws/src/heartbeat_node/src/FM_TX_heartbeat.cpp:15:74:[m[K [01;35m[Kwarning: [m[Kâ€˜[01m[Kstd::shared_ptr<PublisherT> rclcpp::Node::create_publisher(const string&, const rmw_qos_profile_t&, std::shared_ptr<_Up>) [with MessageT = std_msgs::msg::Int32_<std::allocator<void> >; AllocatorT = std::allocator<void>; PublisherT = rclcpp::Publisher<std_msgs::msg::Int32_<std::allocator<void> >, std::allocator<void> >; std::__cxx11::string = std::__cxx11::basic_string<char>; rmw_qos_profile_t = rmw_qos_profile_t][m[Kâ€™ is deprecated: use create_publisher(const std::string &, const rclcpp::QoS &, ...) instead [[01;35m[K-Wdeprecated-declarations[m[K]
[0.731s]        publisher_ = this->create_publisher<std_msgs::msg::Int32>("counter"[01;35m[K)[m[K;
[0.731s]                                                                           [01;35m[K^[m[K
[0.731s] In file included from [01m[K/opt/ros/dashing/include/rclcpp/node.hpp:1219:0[m[K,
[0.731s]                  from [01m[K/opt/ros/dashing/include/rclcpp/executors/single_threaded_executor.hpp:28[m[K,
[0.731s]                  from [01m[K/opt/ros/dashing/include/rclcpp/executors.hpp:22[m[K,
[0.731s]                  from [01m[K/opt/ros/dashing/include/rclcpp/rclcpp.hpp:144[m[K,
[0.731s]                  from [01m[K/home/bhagwat/ros2_ws/src/heartbeat_node/src/FM_TX_heartbeat.cpp:3[m[K:
[0.731s] [01m[K/opt/ros/dashing/include/rclcpp/node_impl.hpp:96:1:[m[K [01;36m[Knote: [m[Kdeclared here
[0.732s]  [01;36m[KNode[m[K::create_publisher(
[0.732s]  [01;36m[K^~~~[m[K
[0.748s] [01m[K/home/bhagwat/ros2_ws/src/heartbeat_node/src/FM_TX_heartbeat.cpp:[m[K In member function â€˜[01m[Kvoid MinimalPublisher::publish_message()[m[Kâ€™:
[0.748s] [01m[K/home/bhagwat/ros2_ws/src/heartbeat_node/src/FM_TX_heartbeat.cpp:25:15:[m[K [01;31m[Kerror: [m[Kâ€˜[01m[Kclass std::shared_ptr<std_msgs::msg::Int32_<std::allocator<void> > >[m[Kâ€™ has no member named â€˜[01m[Kdata[m[Kâ€™
[0.748s]        message.[01;31m[Kdata[m[K = 1;
[0.748s]                [01;31m[K^~~~[m[K
[0.748s] In file included from [01m[K/opt/ros/dashing/include/rclcpp/client.hpp:39:0[m[K,
[0.748s]                  from [01m[K/opt/ros/dashing/include/rclcpp/callback_group.hpp:23[m[K,
[0.748s]                  from [01m[K/opt/ros/dashing/include/rclcpp/any_executable.hpp:20[m[K,
[0.749s]                  from [01m[K/opt/ros/dashing/include/rclcpp/memory_strategy.hpp:24[m[K,
[0.749s]                  from [01m[K/opt/ros/dashing/include/rclcpp/memory_strategies.hpp:18[m[K,
[0.749s]                  from [01m[K/opt/ros/dashing/include/rclcpp/executor.hpp:33[m[K,
[0.749s]                  from [01m[K/opt/ros/dashing/include/rclcpp/executors/multi_threaded_executor.hpp:24[m[K,
[0.749s]                  from [01m[K/opt/ros/dashing/include/rclcpp/executors.hpp:21[m[K,
[0.749s]                  from [01m[K/opt/ros/dashing/include/rclcpp/rclcpp.hpp:144[m[K,
[0.749s]                  from [01m[K/home/bhagwat/ros2_ws/src/heartbeat_node/src/FM_TX_heartbeat.cpp:3[m[K:
[0.749s] [01m[K/home/bhagwat/ros2_ws/src/heartbeat_node/src/FM_TX_heartbeat.cpp:26:82:[m[K [01;31m[Kerror: [m[Kâ€˜[01m[Kclass std::shared_ptr<std_msgs::msg::Int32_<std::allocator<void> > >[m[Kâ€™ has no member named â€˜[01m[Kdata[m[Kâ€™
[0.749s]        RCLCPP_INFO(this->get_logger(), "Sending heartbeat counter: '%f'", message.[01;31m[Kd[m[Kata);
[0.749s]                                                                                   [01;31m[K^[m[K
[0.749s] [01m[K/opt/ros/dashing/include/rcutils/logging_macros.h:72:64:[m[K [01;36m[Knote: [m[Kin definition of macro â€˜[01m[KRCUTILS_LOG_COND_NAMED[m[Kâ€™
[0.749s]        rcutils_log(&__rcutils_logging_location, severity, name, [01;36m[K__VA_ARGS__[m[K); \
[0.749s]                                                                 [01;36m[K^~~~~~~~~~~[m[K
[0.749s] [01m[K/opt/ros/dashing/include/rclcpp/logging.hpp:218:5:[m[K [01;36m[Knote: [m[Kin expansion of macro â€˜[01m[KRCUTILS_LOG_INFO_NAMED[m[Kâ€™
[0.750s]      [01;36m[KRCUTILS_LOG_INFO_NAMED[m[K( \
[0.750s]      [01;36m[K^~~~~~~~~~~~~~~~~~~~~~[m[K
[0.750s] [01m[K/opt/ros/dashing/include/rclcpp/logging.hpp:221:9:[m[K [01;36m[Knote: [m[Kin expansion of macro â€˜[01m[KRCLCPP_ALL_BUT_FIRST_ARGS[m[Kâ€™
[0.750s]          [01;36m[KRCLCPP_ALL_BUT_FIRST_ARGS[m[K(__VA_ARGS__,"")); \
[0.750s]          [01;36m[K^~~~~~~~~~~~~~~~~~~~~~~~~[m[K
[0.750s] [01m[K/home/bhagwat/ros2_ws/src/heartbeat_node/src/FM_TX_heartbeat.cpp:26:7:[m[K [01;36m[Knote: [m[Kin expansion of macro â€˜[01m[KRCLCPP_INFO[m[Kâ€™
[0.750s]        [01;36m[KRCLCPP_INFO[m[K(this->get_logger(), "Sending heartbeat counter: '%f'", message.data);
[0.750s]        [01;36m[K^~~~~~~~~~~[m[K
[0.750s] [01m[K/home/bhagwat/ros2_ws/src/heartbeat_node/src/FM_TX_heartbeat.cpp:27:7:[m[K [01;31m[Kerror: [m[Kâ€˜[01m[Kpublisher_[m[Kâ€™ was not declared in this scope
[0.750s]        [01;31m[Kpublisher_[m[K->publish(message);
[0.751s]        [01;31m[K^~~~~~~~~~[m[K
[0.751s] [01m[K/home/bhagwat/ros2_ws/src/heartbeat_node/src/FM_TX_heartbeat.cpp:27:7:[m[K [01;36m[Knote: [m[Ksuggested alternative: â€˜[01m[Krcl_publisher_t[m[Kâ€™
[0.751s]        [01;36m[Kpublisher_[m[K->publish(message);
[0.751s]        [01;36m[K^~~~~~~~~~[m[K
[0.751s]        [32m[Krcl_publisher_t[m[K
[1.029s] CMakeFiles/heart_exec.dir/build.make:75: recipe for target 'CMakeFiles/heart_exec.dir/src/FM_TX_heartbeat.cpp.o' failed
[1.029s] make[2]: *** [CMakeFiles/heart_exec.dir/src/FM_TX_heartbeat.cpp.o] Error 1
[1.030s] make[1]: *** [CMakeFiles/heart_exec.dir/all] Error 2
[1.030s] make: *** [all] Error 2
[1.030s] CMakeFiles/Makefile2:83: recipe for target 'CMakeFiles/heart_exec.dir/all' failed
[1.030s] Makefile:145: recipe for target 'all' failed
[1.031s] Invoked command in '/home/bhagwat/ros2_ws/build/heartbeat_node' returned '2': CMAKE_PREFIX_PATH=/home/bhagwat/ros2_ws/install/heartbeat_node:/opt/ros/dashing:/home/bhagwat/catkin_ws/devel:/opt/ros/melodic /usr/local/bin/cmake --build /home/bhagwat/ros2_ws/build/heartbeat_node -- -j12 -l12
