[0.020s] Invoking command in '/home/bhagwat/ros2_ws/build/heartbeat_node': CMAKE_PREFIX_PATH=/opt/ros/dashing:${CMAKE_PREFIX_PATH} /usr/local/bin/cmake --build /home/bhagwat/ros2_ws/build/heartbeat_node -- -j12 -l12
[0.035s] [ 25%] [32mBuilding CXX object CMakeFiles/heart_exec_RX.dir/src/FM_RX_heartbeat.cpp.o[0m
[0.039s] [ 75%] Built target heart_exec
[0.732s] [01m[K/home/bhagwat/ros2_ws/src/heartbeat_node/src/FM_RX_heartbeat.cpp:[m[K In constructor â€˜[01m[KMinimalSubscriber::MinimalSubscriber()[m[Kâ€™:
[0.732s] [01m[K/home/bhagwat/ros2_ws/src/heartbeat_node/src/FM_RX_heartbeat.cpp:16:78:[m[K [01;31m[Kerror: [m[Kno matching function for call to â€˜[01m[KMinimalSubscriber::create_subscription<std_msgs::msg::Int32>(const char [8])[m[Kâ€™
[0.732s]        subscriber_ = this->create_subscription<std_msgs::msg::Int32>("counter"[01;31m[K)[m[K;
[0.732s]                                                                               [01;31m[K^[m[K
[0.732s] In file included from [01m[K/opt/ros/dashing/include/rclcpp/executors/single_threaded_executor.hpp:28:0[m[K,
[0.732s]                  from [01m[K/opt/ros/dashing/include/rclcpp/executors.hpp:22[m[K,
[0.732s]                  from [01m[K/opt/ros/dashing/include/rclcpp/rclcpp.hpp:144[m[K,
[0.732s]                  from [01m[K/home/bhagwat/ros2_ws/src/heartbeat_node/src/FM_RX_heartbeat.cpp:3[m[K:
[0.732s] [01m[K/opt/ros/dashing/include/rclcpp/node.hpp:242:3:[m[K [01;36m[Knote: [m[Kcandidate: template<class MessageT, class CallbackT, class AllocatorT, class SubscriptionT> std::shared_ptr<SubscriptionT> rclcpp::Node::create_subscription(const string&, const rclcpp::QoS&, CallbackT&&, const rclcpp::SubscriptionOptionsWithAllocator<AllocatorT>&, typename rclcpp::message_memory_strategy::MessageMemoryStrategy<typename rclcpp::subscription_traits::has_message_type<CallbackT>::type, AllocatorT>::SharedPtr)
[0.732s]    [01;36m[Kcreate_subscription[m[K(
[0.733s]    [01;36m[K^~~~~~~~~~~~~~~~~~~[m[K
[0.733s] [01m[K/opt/ros/dashing/include/rclcpp/node.hpp:242:3:[m[K [01;36m[Knote: [m[K  template argument deduction/substitution failed:
[0.733s] [01m[K/home/bhagwat/ros2_ws/src/heartbeat_node/src/FM_RX_heartbeat.cpp:16:78:[m[K [01;36m[Knote: [m[K  candidate expects 5 arguments, 1 provided
[0.733s]        subscriber_ = this->create_subscription<std_msgs::msg::Int32>("counter"[01;36m[K)[m[K;
[0.733s]                                                                               [01;36m[K^[m[K
[0.733s] In file included from [01m[K/opt/ros/dashing/include/rclcpp/executors/single_threaded_executor.hpp:28:0[m[K,
[0.733s]                  from [01m[K/opt/ros/dashing/include/rclcpp/executors.hpp:22[m[K,
[0.733s]                  from [01m[K/opt/ros/dashing/include/rclcpp/rclcpp.hpp:144[m[K,
[0.733s]                  from [01m[K/home/bhagwat/ros2_ws/src/heartbeat_node/src/FM_RX_heartbeat.cpp:3[m[K:
[0.733s] [01m[K/opt/ros/dashing/include/rclcpp/node.hpp:279:3:[m[K [01;36m[Knote: [m[Kcandidate: template<class MessageT, class CallbackT, class Alloc, class SubscriptionT> std::shared_ptr<SubscriptionT> rclcpp::Node::create_subscription(const string&, CallbackT&&, const rmw_qos_profile_t&, rclcpp::callback_group::CallbackGroup::SharedPtr, bool, typename rclcpp::message_memory_strategy::MessageMemoryStrategy<typename rclcpp::subscription_traits::has_message_type<CallbackT>::type, AllocatorT>::SharedPtr, std::shared_ptr<PublisherT>)
[0.733s]    [01;36m[Kcreate_subscription[m[K(
[0.733s]    [01;36m[K^~~~~~~~~~~~~~~~~~~[m[K
[0.733s] [01m[K/opt/ros/dashing/include/rclcpp/node.hpp:279:3:[m[K [01;36m[Knote: [m[K  template argument deduction/substitution failed:
[0.733s] [01m[K/home/bhagwat/ros2_ws/src/heartbeat_node/src/FM_RX_heartbeat.cpp:16:78:[m[K [01;36m[Knote: [m[K  candidate expects 7 arguments, 1 provided
[0.733s]        subscriber_ = this->create_subscription<std_msgs::msg::Int32>("counter"[01;36m[K)[m[K;
[0.733s]                                                                               [01;36m[K^[m[K
[0.733s] In file included from [01m[K/opt/ros/dashing/include/rclcpp/executors/single_threaded_executor.hpp:28:0[m[K,
[0.733s]                  from [01m[K/opt/ros/dashing/include/rclcpp/executors.hpp:22[m[K,
[0.734s]                  from [01m[K/opt/ros/dashing/include/rclcpp/rclcpp.hpp:144[m[K,
[0.734s]                  from [01m[K/home/bhagwat/ros2_ws/src/heartbeat_node/src/FM_RX_heartbeat.cpp:3[m[K:
[0.734s] [01m[K/opt/ros/dashing/include/rclcpp/node.hpp:316:3:[m[K [01;36m[Knote: [m[Kcandidate: template<class MessageT, class CallbackT, class Alloc, class SubscriptionT> std::shared_ptr<SubscriptionT> rclcpp::Node::create_subscription(const string&, CallbackT&&, size_t, rclcpp::callback_group::CallbackGroup::SharedPtr, bool, typename rclcpp::message_memory_strategy::MessageMemoryStrategy<typename rclcpp::subscription_traits::has_message_type<CallbackT>::type, AllocatorT>::SharedPtr, std::shared_ptr<PublisherT>)
[0.734s]    [01;36m[Kcreate_subscription[m[K(
[0.734s]    [01;36m[K^~~~~~~~~~~~~~~~~~~[m[K
[0.734s] [01m[K/opt/ros/dashing/include/rclcpp/node.hpp:316:3:[m[K [01;36m[Knote: [m[K  template argument deduction/substitution failed:
[0.734s] [01m[K/home/bhagwat/ros2_ws/src/heartbeat_node/src/FM_RX_heartbeat.cpp:16:78:[m[K [01;36m[Knote: [m[K  candidate expects 7 arguments, 1 provided
[0.734s]        subscriber_ = this->create_subscription<std_msgs::msg::Int32>("counter"[01;36m[K)[m[K;
[0.734s]                                                                               [01;36m[K^[m[K
[0.845s] make[2]: *** [CMakeFiles/heart_exec_RX.dir/src/FM_RX_heartbeat.cpp.o] Error 1
[0.845s] CMakeFiles/heart_exec_RX.dir/build.make:75: recipe for target 'CMakeFiles/heart_exec_RX.dir/src/FM_RX_heartbeat.cpp.o' failed
[0.845s] CMakeFiles/Makefile2:137: recipe for target 'CMakeFiles/heart_exec_RX.dir/all' failed
[0.845s] make[1]: *** [CMakeFiles/heart_exec_RX.dir/all] Error 2
[0.845s] Makefile:145: recipe for target 'all' failed
[0.845s] make: *** [all] Error 2
[0.846s] Invoked command in '/home/bhagwat/ros2_ws/build/heartbeat_node' returned '2': CMAKE_PREFIX_PATH=/opt/ros/dashing:${CMAKE_PREFIX_PATH} /usr/local/bin/cmake --build /home/bhagwat/ros2_ws/build/heartbeat_node -- -j12 -l12
