[0.023s] Invoking command in '/home/bhagwat/ros2_ws/build/heartbeat_node': CMAKE_PREFIX_PATH=/home/bhagwat/ros2_ws/install/heartbeat_node:/opt/ros/dashing:/home/bhagwat/catkin_ws/devel:/opt/ros/melodic /usr/local/bin/cmake --build /home/bhagwat/ros2_ws/build/heartbeat_node -- -j12 -l12
[0.056s] [35m[1mConsolidate compiler generated dependencies of target heart_exec[0m
[0.068s] [ 50%] [32mBuilding CXX object CMakeFiles/heart_exec.dir/src/FM_TX_heartbeat.cpp.o[0m
[0.758s] [01m[K/home/bhagwat/ros2_ws/src/heartbeat_node/src/FM_TX_heartbeat.cpp:29:23:[m[K [01;31m[Kerror: [m[Kâ€˜[01m[Kstd_msgs[m[Kâ€™ was not declared in this scope
[0.758s]      rclcpp::Publisher<[01;31m[Kstd_msgs[m[K>::SharedPtr publisher_;
[0.758s]                        [01;31m[K^~~~~~~~[m[K
[0.759s] [01m[K/home/bhagwat/ros2_ws/src/heartbeat_node/src/FM_TX_heartbeat.cpp:29:31:[m[K [01;31m[Kerror: [m[Ktemplate argument 1 is invalid
[0.760s]      rclcpp::Publisher<std_msgs[01;31m[K>[m[K::SharedPtr publisher_;
[0.760s]                                [01;31m[K^[m[K
[0.760s] [01m[K/home/bhagwat/ros2_ws/src/heartbeat_node/src/FM_TX_heartbeat.cpp:29:34:[m[K [01;31m[Kerror: [m[Kexpected â€˜[01m[K;[m[Kâ€™ at end of member declaration
[0.760s]      rclcpp::Publisher<std_msgs>::[01;31m[KSharedPtr[m[K publisher_;
[0.760s]                                   [01;31m[K^~~~~~~~~[m[K
[0.761s] [01m[K/home/bhagwat/ros2_ws/src/heartbeat_node/src/FM_TX_heartbeat.cpp:29:44:[m[K [01;31m[Kerror: [m[Kâ€˜[01m[Kpublisher_[m[Kâ€™ does not name a type; did you mean â€˜[01m[Krcl_publisher_t[m[Kâ€™?
[0.761s]      rclcpp::Publisher<std_msgs>::SharedPtr [01;31m[Kpublisher_[m[K;
[0.761s]                                             [01;31m[K^~~~~~~~~~[m[K
[0.761s]                                             [32m[Krcl_publisher_t[m[K
[0.761s] [01m[K/home/bhagwat/ros2_ws/src/heartbeat_node/src/FM_TX_heartbeat.cpp:[m[K In constructor â€˜[01m[KMinimalPublisher::MinimalPublisher()[m[Kâ€™:
[0.761s] [01m[K/home/bhagwat/ros2_ws/src/heartbeat_node/src/FM_TX_heartbeat.cpp:14:7:[m[K [01;31m[Kerror: [m[Kâ€˜[01m[Kpublisher_[m[Kâ€™ was not declared in this scope
[0.761s]        [01;31m[Kpublisher_[m[K = this->create_publisher<std_msgs::msg::Int32>("counter", 1);
[0.761s]        [01;31m[K^~~~~~~~~~[m[K
[0.762s] [01m[K/home/bhagwat/ros2_ws/src/heartbeat_node/src/FM_TX_heartbeat.cpp:14:7:[m[K [01;36m[Knote: [m[Ksuggested alternative: â€˜[01m[Krcl_publisher_t[m[Kâ€™
[0.763s]        [01;36m[Kpublisher_[m[K = this->create_publisher<std_msgs::msg::Int32>("counter", 1);
[0.763s]        [01;36m[K^~~~~~~~~~[m[K
[0.763s]        [32m[Krcl_publisher_t[m[K
[0.763s] [01m[K/home/bhagwat/ros2_ws/src/heartbeat_node/src/FM_TX_heartbeat.cpp:14:43:[m[K [01;31m[Kerror: [m[Kâ€˜[01m[Kstd_msgs[m[Kâ€™ was not declared in this scope
[0.763s]        publisher_ = this->create_publisher<[01;31m[Kstd_msgs[m[K::msg::Int32>("counter", 1);
[0.763s]                                            [01;31m[K^~~~~~~~[m[K
[0.764s] [01m[K/home/bhagwat/ros2_ws/src/heartbeat_node/src/FM_TX_heartbeat.cpp:14:26:[m[K [01;31m[Kerror: [m[Kparse error in template argument list
[0.764s]        publisher_ = this->[01;31m[Kcreate_publisher<std_msgs::msg::Int32>[m[K("counter", 1);
[0.764s]                           [01;31m[K^~~~~~~~~~~~~~~~~~~~~~~~~~~~~~~~~~~~~~[m[K
[0.765s] [01m[K/home/bhagwat/ros2_ws/src/heartbeat_node/src/FM_TX_heartbeat.cpp:14:77:[m[K [01;31m[Kerror: [m[Kno matching function for call to â€˜[01m[KMinimalPublisher::create_publisher<<expression error> >(const char [8], int)[m[Kâ€™
[0.765s]        publisher_ = this->create_publisher<std_msgs::msg::Int32>("counter", 1[01;31m[K)[m[K;
[0.765s]                                                                              [01;31m[K^[m[K
[0.765s] In file included from [01m[K/opt/ros/dashing/include/rclcpp/executors/single_threaded_executor.hpp:28:0[m[K,
[0.765s]                  from [01m[K/opt/ros/dashing/include/rclcpp/executors.hpp:22[m[K,
[0.765s]                  from [01m[K/opt/ros/dashing/include/rclcpp/rclcpp.hpp:144[m[K,
[0.765s]                  from [01m[K/home/bhagwat/ros2_ws/src/heartbeat_node/src/FM_TX_heartbeat.cpp:3[m[K:
[0.765s] [01m[K/opt/ros/dashing/include/rclcpp/node.hpp:177:3:[m[K [01;36m[Knote: [m[Kcandidate: template<class MessageT, class AllocatorT, class PublisherT> std::shared_ptr<PublisherT> rclcpp::Node::create_publisher(const string&, const rclcpp::QoS&, const rclcpp::PublisherOptionsWithAllocator<AllocatorT>&)
[0.765s]    [01;36m[Kcreate_publisher[m[K(
[0.765s]    [01;36m[K^~~~~~~~~~~~~~~~[m[K
[0.765s] [01m[K/opt/ros/dashing/include/rclcpp/node.hpp:177:3:[m[K [01;36m[Knote: [m[K  template argument deduction/substitution failed:
[0.765s] [01m[K/home/bhagwat/ros2_ws/src/heartbeat_node/src/FM_TX_heartbeat.cpp:14:77:[m[K [01;31m[Kerror: [m[Ktemplate argument 1 is invalid
[0.766s]        publisher_ = this->create_publisher<std_msgs::msg::Int32>("counter", 1[01;31m[K)[m[K;
[0.766s]                                                                              [01;31m[K^[m[K
[0.766s] In file included from [01m[K/opt/ros/dashing/include/rclcpp/executors/single_threaded_executor.hpp:28:0[m[K,
[0.766s]                  from [01m[K/opt/ros/dashing/include/rclcpp/executors.hpp:22[m[K,
[0.766s]                  from [01m[K/opt/ros/dashing/include/rclcpp/rclcpp.hpp:144[m[K,
[0.766s]                  from [01m[K/home/bhagwat/ros2_ws/src/heartbeat_node/src/FM_TX_heartbeat.cpp:3[m[K:
[0.766s] [01m[K/opt/ros/dashing/include/rclcpp/node.hpp:198:3:[m[K [01;36m[Knote: [m[Kcandidate: template<class MessageT, class AllocatorT, class PublisherT> std::shared_ptr<PublisherT> rclcpp::Node::create_publisher(const string&, size_t, std::shared_ptr<_Up>)
[0.766s]    [01;36m[Kcreate_publisher[m[K(
[0.766s]    [01;36m[K^~~~~~~~~~~~~~~~[m[K
[0.766s] [01m[K/opt/ros/dashing/include/rclcpp/node.hpp:198:3:[m[K [01;36m[Knote: [m[K  template argument deduction/substitution failed:
[0.766s] [01m[K/home/bhagwat/ros2_ws/src/heartbeat_node/src/FM_TX_heartbeat.cpp:14:77:[m[K [01;31m[Kerror: [m[Ktemplate argument 1 is invalid
[0.766s]        publisher_ = this->create_publisher<std_msgs::msg::Int32>("counter", 1[01;31m[K)[m[K;
[0.766s]                                                                              [01;31m[K^[m[K
[0.766s] In file included from [01m[K/opt/ros/dashing/include/rclcpp/executors/single_threaded_executor.hpp:28:0[m[K,
[0.767s]                  from [01m[K/opt/ros/dashing/include/rclcpp/executors.hpp:22[m[K,
[0.767s]                  from [01m[K/opt/ros/dashing/include/rclcpp/rclcpp.hpp:144[m[K,
[0.767s]                  from [01m[K/home/bhagwat/ros2_ws/src/heartbeat_node/src/FM_TX_heartbeat.cpp:3[m[K:
[0.767s] [01m[K/opt/ros/dashing/include/rclcpp/node.hpp:217:3:[m[K [01;36m[Knote: [m[Kcandidate: template<class MessageT, class AllocatorT, class PublisherT> std::shared_ptr<PublisherT> rclcpp::Node::create_publisher(const string&, const rmw_qos_profile_t&, std::shared_ptr<_Up>)
[0.767s]    [01;36m[Kcreate_publisher[m[K(
[0.767s]    [01;36m[K^~~~~~~~~~~~~~~~[m[K
[0.767s] [01m[K/opt/ros/dashing/include/rclcpp/node.hpp:217:3:[m[K [01;36m[Knote: [m[K  template argument deduction/substitution failed:
[0.767s] [01m[K/home/bhagwat/ros2_ws/src/heartbeat_node/src/FM_TX_heartbeat.cpp:14:77:[m[K [01;31m[Kerror: [m[Ktemplate argument 1 is invalid
[0.767s]        publisher_ = this->create_publisher<std_msgs::msg::Int32>("counter", 1[01;31m[K)[m[K;
[0.767s]                                                                              [01;31m[K^[m[K
[0.776s] [01m[K/home/bhagwat/ros2_ws/src/heartbeat_node/src/FM_TX_heartbeat.cpp:[m[K In member function â€˜[01m[Kvoid MinimalPublisher::publish_message()[m[Kâ€™:
[0.776s] [01m[K/home/bhagwat/ros2_ws/src/heartbeat_node/src/FM_TX_heartbeat.cpp:22:22:[m[K [01;31m[Kerror: [m[Kâ€˜[01m[Kstd_msgs[m[Kâ€™ has not been declared
[0.776s]        auto message = [01;31m[Kstd_msgs[m[K::msg::Int32();
[0.776s]                       [01;31m[K^~~~~~~~[m[K
[0.777s] [01m[K/home/bhagwat/ros2_ws/src/heartbeat_node/src/FM_TX_heartbeat.cpp:25:7:[m[K [01;31m[Kerror: [m[Kâ€˜[01m[Kpublisher_[m[Kâ€™ was not declared in this scope
[0.777s]        [01;31m[Kpublisher_[m[K->publish(message);
[0.777s]        [01;31m[K^~~~~~~~~~[m[K
[0.778s] [01m[K/home/bhagwat/ros2_ws/src/heartbeat_node/src/FM_TX_heartbeat.cpp:25:7:[m[K [01;36m[Knote: [m[Ksuggested alternative: â€˜[01m[Krcl_publisher_t[m[Kâ€™
[0.778s]        [01;36m[Kpublisher_[m[K->publish(message);
[0.778s]        [01;36m[K^~~~~~~~~~[m[K
[0.778s]        [32m[Krcl_publisher_t[m[K
[0.927s] CMakeFiles/heart_exec.dir/build.make:75: recipe for target 'CMakeFiles/heart_exec.dir/src/FM_TX_heartbeat.cpp.o' failed
[0.927s] make[2]: *** [CMakeFiles/heart_exec.dir/src/FM_TX_heartbeat.cpp.o] Error 1
[0.927s] make[1]: *** [CMakeFiles/heart_exec.dir/all] Error 2
[0.927s] CMakeFiles/Makefile2:83: recipe for target 'CMakeFiles/heart_exec.dir/all' failed
[0.927s] Makefile:145: recipe for target 'all' failed
[0.927s] make: *** [all] Error 2
[0.929s] Invoked command in '/home/bhagwat/ros2_ws/build/heartbeat_node' returned '2': CMAKE_PREFIX_PATH=/home/bhagwat/ros2_ws/install/heartbeat_node:/opt/ros/dashing:/home/bhagwat/catkin_ws/devel:/opt/ros/melodic /usr/local/bin/cmake --build /home/bhagwat/ros2_ws/build/heartbeat_node -- -j12 -l12
